<?xml version="1.0" encoding="UTF-8" standalone="no"?>
<!DOCTYPE log SYSTEM "logger.dtd">
<log>
<record>
  <date>2019-01-01T01:15:03</date>
  <millis>1546280103670</millis>
  <sequence>0</sequence>
  <level>START</level>
  <class>com.kms.katalon.core.logging.XmlKeywordLogger</class>
  <method>startSuite</method>
  <thread>1</thread>
  <message>Start Test Suite : Test Suites/suite3</message>
  <nestedLevel>0</nestedLevel>
  <property name="name">suite3</property>
  <property name="description"></property>
  <property name="id">Test Suites/suite3</property>
</record>
<record>
  <date>2019-01-01T01:15:03</date>
  <millis>1546280103680</millis>
  <sequence>1</sequence>
  <level>RUN_DATA</level>
  <class>com.kms.katalon.core.logging.XmlKeywordLogger</class>
  <method>logMessage</method>
  <thread>1</thread>
  <message>hostName = USER-PC - A456UQ-HILDA.mshome.net</message>
  <nestedLevel>0</nestedLevel>
  <property name="hostName">USER-PC - A456UQ-HILDA.mshome.net</property>
</record>
<record>
  <date>2019-01-01T01:15:03</date>
  <millis>1546280103681</millis>
  <sequence>2</sequence>
  <level>RUN_DATA</level>
  <class>com.kms.katalon.core.logging.XmlKeywordLogger</class>
  <method>logMessage</method>
  <thread>1</thread>
  <message>os = Windows 10 64bit</message>
  <nestedLevel>0</nestedLevel>
  <property name="os">Windows 10 64bit</property>
</record>
<record>
  <date>2019-01-01T01:15:03</date>
  <millis>1546280103682</millis>
  <sequence>3</sequence>
  <level>RUN_DATA</level>
  <class>com.kms.katalon.core.logging.XmlKeywordLogger</class>
  <method>logMessage</method>
  <thread>1</thread>
  <message>hostAddress = 192.168.137.1</message>
  <nestedLevel>0</nestedLevel>
  <property name="hostAddress">192.168.137.1</property>
</record>
<record>
  <date>2019-01-01T01:15:03</date>
  <millis>1546280103688</millis>
  <sequence>4</sequence>
  <level>RUN_DATA</level>
  <class>com.kms.katalon.core.logging.XmlKeywordLogger</class>
  <method>logMessage</method>
  <thread>1</thread>
  <message>katalonVersion = 5.10.0.1</message>
  <nestedLevel>0</nestedLevel>
  <property name="katalonVersion">5.10.0.1</property>
</record>
<record>
  <date>2019-01-01T01:15:03</date>
  <millis>1546280103895</millis>
  <sequence>5</sequence>
  <level>START</level>
  <class>com.kms.katalon.core.logging.XmlKeywordLogger</class>
  <method>startTest</method>
  <thread>1</thread>
  <message>Start Test Case : Test Cases/case 1 - open web</message>
  <nestedLevel>1</nestedLevel>
  <property name="name">Test Cases/case 1 - open web</property>
  <property name="description"></property>
  <property name="id">Test Cases/case 1 - open web</property>
  <property name="source">C:\\Users\\USER-PC\\Katalon Studio\\qlue-automation\\Test Cases\\case 1 - open web.tc</property>
  <property name="isOptional">false</property>
</record>
<record>
  <date>2019-01-01T01:15:04</date>
  <millis>1546280104187</millis>
  <sequence>7</sequence>
  <level>START</level>
  <class>com.kms.katalon.core.logging.XmlKeywordLogger</class>
  <method>startKeyword</method>
  <thread>1</thread>
  <message>Start action : openBrowser(\&amp;quot;http://qlue.co.id\&amp;quot;)</message>
  <nestedLevel>1</nestedLevel>
  <property name="startLine">16</property>
  <property name="stepIndex">1</property>
</record>
<record>
  <date>2019-01-01T01:15:04</date>
  <millis>1546280104489</millis>
  <sequence>9</sequence>
  <level>INFO</level>
  <class>com.kms.katalon.core.logging.XmlKeywordLogger</class>
  <method>logMessage</method>
  <thread>1</thread>
  <message>Starting &amp;apos;Chrome&amp;apos; driver</message>
  <nestedLevel>1</nestedLevel>
</record>
<record>
  <date>2019-01-01T01:15:04</date>
  <millis>1546280104519</millis>
  <sequence>10</sequence>
  <level>INFO</level>
  <class>com.kms.katalon.core.logging.XmlKeywordLogger</class>
  <method>logMessage</method>
  <thread>1</thread>
  <message>Action delay is set to 0 seconds</message>
  <nestedLevel>1</nestedLevel>
</record>
<record>
  <date>2019-01-01T01:15:07</date>
  <millis>1546280107921</millis>
  <sequence>12</sequence>
  <level>RUN_DATA</level>
  <class>com.kms.katalon.core.logging.XmlKeywordLogger</class>
  <method>logMessage</method>
  <thread>1</thread>
  <message>sessionId = 719199bd7a49eb3630941fbac1988c45</message>
  <nestedLevel>1</nestedLevel>
  <property name="sessionId">719199bd7a49eb3630941fbac1988c45</property>
</record>
<record>
  <date>2019-01-01T01:15:07</date>
  <millis>1546280107949</millis>
  <sequence>13</sequence>
  <level>RUN_DATA</level>
  <class>com.kms.katalon.core.logging.XmlKeywordLogger</class>
  <method>logMessage</method>
  <thread>1</thread>
  <message>browser = Chrome 71.0.3578.98</message>
  <nestedLevel>1</nestedLevel>
  <property name="browser">Chrome 71.0.3578.98</property>
</record>
<record>
  <date>2019-01-01T01:15:07</date>
  <millis>1546280107949</millis>
  <sequence>14</sequence>
  <level>RUN_DATA</level>
  <class>com.kms.katalon.core.logging.XmlKeywordLogger</class>
  <method>logMessage</method>
  <thread>1</thread>
  <message>platform = Windows 10</message>
  <nestedLevel>1</nestedLevel>
  <property name="platform">Windows 10</property>
</record>
<record>
  <date>2019-01-01T01:15:07</date>
  <millis>1546280107952</millis>
  <sequence>15</sequence>
  <level>RUN_DATA</level>
  <class>com.kms.katalon.core.logging.XmlKeywordLogger</class>
  <method>logMessage</method>
  <thread>1</thread>
  <message>seleniumVersion = 3.7.1</message>
  <nestedLevel>1</nestedLevel>
  <property name="seleniumVersion">3.7.1</property>
</record>
<record>
  <date>2019-01-01T01:15:07</date>
  <millis>1546280107953</millis>
  <sequence>16</sequence>
  <level>RUN_DATA</level>
  <class>com.kms.katalon.core.logging.XmlKeywordLogger</class>
  <method>logMessage</method>
  <thread>1</thread>
  <message>proxyInformation = ProxyInformation{proxyOption=NO_PROXY, proxyServerType=HTTP, password=, proxyServerAddress=, proxyServerPort=0}</message>
  <nestedLevel>1</nestedLevel>
  <property name="proxyInformation">ProxyInformation{proxyOption=NO_PROXY, proxyServerType=HTTP, password=, proxyServerAddress=, proxyServerPort=0}</property>
</record>
<record>
  <date>2019-01-01T01:15:21</date>
  <millis>1546280121316</millis>
  <sequence>18</sequence>
  <level>PASSED</level>
  <class>com.kms.katalon.core.logging.XmlKeywordLogger</class>
  <method>logMessage</method>
  <thread>1</thread>
  <message>Browser is opened with url: &amp;apos;http://qlue.co.id&amp;apos;</message>
  <nestedLevel>1</nestedLevel>
</record>
<record>
  <date>2019-01-01T01:15:21</date>
  <millis>1546280121316</millis>
  <sequence>19</sequence>
  <level>END</level>
  <class>com.kms.katalon.core.logging.XmlKeywordLogger</class>
  <method>endKeyword</method>
  <thread>1</thread>
  <message>End action : openBrowser(\&amp;quot;http://qlue.co.id\&amp;quot;)</message>
  <nestedLevel>1</nestedLevel>
</record>
<record>
  <date>2019-01-01T01:15:21</date>
  <millis>1546280121317</millis>
  <sequence>20</sequence>
  <level>PASSED</level>
  <class>com.kms.katalon.core.logging.XmlKeywordLogger</class>
  <method>logMessage</method>
  <thread>1</thread>
  <message>Test Cases/case 1 - open web</message>
  <nestedLevel>1</nestedLevel>
</record>
<record>
  <date>2019-01-01T01:15:21</date>
  <millis>1546280121317</millis>
  <sequence>21</sequence>
  <level>END</level>
  <class>com.kms.katalon.core.logging.XmlKeywordLogger</class>
  <method>endTest</method>
  <thread>1</thread>
  <message>End Test Case : Test Cases/case 1 - open web</message>
  <nestedLevel>0</nestedLevel>
</record>
<record>
  <date>2019-01-01T01:15:21</date>
  <millis>1546280121322</millis>
  <sequence>22</sequence>
  <level>START</level>
  <class>com.kms.katalon.core.logging.XmlKeywordLogger</class>
  <method>startTest</method>
  <thread>1</thread>
  <message>Start Test Case : Test Cases/case 3 - qlue x mycity</message>
  <nestedLevel>1</nestedLevel>
  <property name="name">Test Cases/case 3 - qlue x mycity</property>
  <property name="description"></property>
  <property name="id">Test Cases/case 3 - qlue x mycity</property>
  <property name="source">C:\\Users\\USER-PC\\Katalon Studio\\qlue-automation\\Test Cases\\case 3 - qlue x mycity.tc</property>
  <property name="isOptional">false</property>
</record>
<record>
  <date>2019-01-01T01:15:21</date>
  <millis>1546280121569</millis>
  <sequence>24</sequence>
  <level>START</level>
  <class>com.kms.katalon.core.logging.XmlKeywordLogger</class>
  <method>startKeyword</method>
  <thread>1</thread>
  <message>Start action : click(findTestObject(\&amp;quot;Page_Home - Qlue/a_Solutions\&amp;quot;))</message>
  <nestedLevel>1</nestedLevel>
  <property name="startLine">16</property>
  <property name="stepIndex">1</property>
</record>
<record>
  <date>2019-01-01T01:15:27</date>
  <millis>1546280127906</millis>
  <sequence>31</sequence>
  <level>PASSED</level>
  <class>com.kms.katalon.core.logging.XmlKeywordLogger</class>
  <method>logMessage</method>
  <thread>1</thread>
  <message>Object: &amp;apos;Object Repository/Page_Home - Qlue/a_Solutions&amp;apos; is clicked on</message>
  <nestedLevel>1</nestedLevel>
</record>
<record>
  <date>2019-01-01T01:15:27</date>
  <millis>1546280127908</millis>
  <sequence>32</sequence>
  <level>END</level>
  <class>com.kms.katalon.core.logging.XmlKeywordLogger</class>
  <method>endKeyword</method>
  <thread>1</thread>
  <message>End action : click(findTestObject(\&amp;quot;Page_Home - Qlue/a_Solutions\&amp;quot;))</message>
  <nestedLevel>1</nestedLevel>
</record>
<record>
  <date>2019-01-01T01:15:27</date>
  <millis>1546280127909</millis>
  <sequence>33</sequence>
  <level>START</level>
  <class>com.kms.katalon.core.logging.XmlKeywordLogger</class>
  <method>startKeyword</method>
  <thread>1</thread>
  <message>Start action : title = getWindowTitle()</message>
  <nestedLevel>1</nestedLevel>
  <property name="startLine">18</property>
  <property name="stepIndex">2</property>
</record>
<record>
  <date>2019-01-01T01:15:27</date>
  <millis>1546280127934</millis>
  <sequence>35</sequence>
  <level>PASSED</level>
  <class>com.kms.katalon.core.logging.XmlKeywordLogger</class>
  <method>logMessage</method>
  <thread>1</thread>
  <message>Current window&amp;apos;s title is: &amp;apos;Solution - Qlue&amp;apos;</message>
  <nestedLevel>1</nestedLevel>
</record>
<record>
  <date>2019-01-01T01:15:27</date>
  <millis>1546280127934</millis>
  <sequence>36</sequence>
  <level>END</level>
  <class>com.kms.katalon.core.logging.XmlKeywordLogger</class>
  <method>endKeyword</method>
  <thread>1</thread>
  <message>End action : title = getWindowTitle()</message>
  <nestedLevel>1</nestedLevel>
</record>
<record>
  <date>2019-01-01T01:15:27</date>
  <millis>1546280127934</millis>
  <sequence>37</sequence>
  <level>START</level>
  <class>com.kms.katalon.core.logging.XmlKeywordLogger</class>
  <method>startKeyword</method>
  <thread>1</thread>
  <message>Start action : verifyEqual(title, \&amp;quot;Solution - Qlue\&amp;quot;, STOP_ON_FAILURE)</message>
  <nestedLevel>1</nestedLevel>
  <property name="startLine">20</property>
  <property name="stepIndex">3</property>
</record>
<record>
  <date>2019-01-01T01:15:27</date>
  <millis>1546280127962</millis>
  <sequence>39</sequence>
  <level>PASSED</level>
  <class>com.kms.katalon.core.logging.XmlKeywordLogger</class>
  <method>logMessage</method>
  <thread>1</thread>
  <message>Actual object &amp;apos;Solution - Qlue&amp;apos; and expected object &amp;apos;Solution - Qlue&amp;apos; are equal</message>
  <nestedLevel>1</nestedLevel>
</record>
<record>
  <date>2019-01-01T01:15:27</date>
  <millis>1546280127962</millis>
  <sequence>40</sequence>
  <level>END</level>
  <class>com.kms.katalon.core.logging.XmlKeywordLogger</class>
  <method>endKeyword</method>
  <thread>1</thread>
  <message>End action : verifyEqual(title, \&amp;quot;Solution - Qlue\&amp;quot;, STOP_ON_FAILURE)</message>
  <nestedLevel>1</nestedLevel>
</record>
<record>
  <date>2019-01-01T01:15:27</date>
  <millis>1546280127963</millis>
  <sequence>41</sequence>
  <level>START</level>
  <class>com.kms.katalon.core.logging.XmlKeywordLogger</class>
  <method>startKeyword</method>
  <thread>1</thread>
  <message>Start action : body = getText(findTestObject(\&amp;quot;Page_Solution - Qlue/body_About UsSolutionsCareerEN\&amp;quot;))</message>
  <nestedLevel>1</nestedLevel>
  <property name="startLine">22</property>
  <property name="stepIndex">4</property>
</record>
<record>
  <date>2019-01-01T01:15:28</date>
  <millis>1546280128083</millis>
  <sequence>48</sequence>
  <level>PASSED</level>
  <class>com.kms.katalon.core.logging.XmlKeywordLogger</class>
  <method>logMessage</method>
  <thread>1</thread>
  <message>Text of object &amp;apos;Object Repository/Page_Solution - Qlue/body_About UsSolutionsCareerEN&amp;apos; is: &amp;apos;About Us\nSolutions\nCareer\nEN\nWe build solutions to transform and maximize the way organizations use their data.\nOur users are at the center of our technological development. Today, our solutions are impacting millions of people in national and city governments, businesses, and organizations, to address challenges previously impossible to solve.\nSave Cost\n\nImprove efficiency, recover lost revenue, and create new revenue streams with our machine learning capabilities and predictive analytics\nIncrease Overall Performance\n\nAccess a full range of insights on your KPI monitoring with our big data technology and unleash your optimum potential.\nFaster &amp;amp; more Accurate Decision Making\n\nWe help to integrate these data to produce meaningful information that you can act upon, immediately.\nIntegrate data, and produce insights for leaders to make business decisions\nSmart Governance\nQlue helps to solve urbanization problems and promote transparency between governments and their citizens. We are doing this by capturing data from various sources, integrated into a one-stop dashboard access, and visualized as actionable insight. Our analytics platform is capable to understand and predict behaviors of cities and citizen, thus helping leaders make better policy decisions, especially when it matters most.\nSmart Mobility and Traffic\nCities undergoing urbanization growth face severe mobility and traffic issues. Qlue gathers and analyzes millions of data by using Computer Vision Technology to capture real-time traffic conditions, so that decision-makers can develop infrastructure plans, building better traffic modeling, and implement better policies. Cities undergoing urbanization growth face various challenges, one of which is the unbalanced growth of vehicles to roads. Qlue gathers and analyzes millions of data related to mobility, traffic, and other urbanization issues,  by using Computer Vision Technology to capture real-time traffic conditions, so that decision-makers can develop infrastructure plans and policies based on real data.\nDisaster Response Management\nDisaster Response situations require intense collaboration between volunteers, governments and law enforcement agencies, in order to effectively distribute aids to refugee camps and identify damage estimation. Qlue provides a sophisticated yet easy-to-use application and platform to capture damages so volunteers know what to bring and where to distribute, as well as facilitating the better recovery process. This practical approach saves time to distribute aids and saves cost from prolonged recovery.\nSecurity and Safety\nQlue works with law enforcement agencies and businesses by optimizing security and safety management. Our solution provides tools to help in identifying potential threats and provide an immediate response by dispatching personnel effectively. Our machine learning will also provide data-driven recommendations for decision-makers to predict threat prone areas in the future.\nData Intelligence\nWhen you want to grow revenue, improve operational efficiency, or predicting trends, the biggest challenge is to find the right tools that can fit your specific problems. Qlue empowers governments and businesses with an AI-driven platform that can help you to understand what is happening, and anticipate what is going to happen next.\nJalan Pejaten Barat No. 13, RT.1/RW.8, Pejaten\nBarat, Pasar Minggu, Kota Jakarta Selatan, Daerah\nKhusus Ibukota Jakarta 12510\n+62 21 71793635\ninfo@qlue.co.id\nWe&amp;apos;re Hiring!\nClick Here and let\u2019s smarten up our nation, one Qlue at a time!\nPress Kit\nClick Here for logo, company profile and portfolio.\n\u00A9 2018 Qlue Copyright\nContact About Privacy Policy Blog We\u2019re Hiring! Partner&amp;apos;</message>
  <nestedLevel>1</nestedLevel>
</record>
<record>
  <date>2019-01-01T01:15:28</date>
  <millis>1546280128086</millis>
  <sequence>49</sequence>
  <level>END</level>
  <class>com.kms.katalon.core.logging.XmlKeywordLogger</class>
  <method>endKeyword</method>
  <thread>1</thread>
  <message>End action : body = getText(findTestObject(\&amp;quot;Page_Solution - Qlue/body_About UsSolutionsCareerEN\&amp;quot;))</message>
  <nestedLevel>1</nestedLevel>
</record>
<record>
  <date>2019-01-01T01:15:28</date>
  <millis>1546280128086</millis>
  <sequence>50</sequence>
  <level>START</level>
  <class>com.kms.katalon.core.logging.XmlKeywordLogger</class>
  <method>startKeyword</method>
  <thread>1</thread>
  <message>Start action : bodyLow = body.toLowerCase()</message>
  <nestedLevel>1</nestedLevel>
  <property name="startLine">24</property>
  <property name="stepIndex">5</property>
</record>
<record>
  <date>2019-01-01T01:15:28</date>
  <millis>1546280128090</millis>
  <sequence>51</sequence>
  <level>END</level>
  <class>com.kms.katalon.core.logging.XmlKeywordLogger</class>
  <method>endKeyword</method>
  <thread>1</thread>
  <message>End action : bodyLow = body.toLowerCase()</message>
  <nestedLevel>1</nestedLevel>
</record>
<record>
  <date>2019-01-01T01:15:28</date>
  <millis>1546280128090</millis>
  <sequence>52</sequence>
  <level>START</level>
  <class>com.kms.katalon.core.logging.XmlKeywordLogger</class>
  <method>startKeyword</method>
  <thread>1</thread>
  <message>Start action : if (!(bodyLow.contains(\&amp;quot;qlue x mycity\&amp;quot;)))</message>
  <nestedLevel>1</nestedLevel>
  <property name="startLine">26</property>
  <property name="stepIndex">6</property>
</record>
<record>
  <date>2019-01-01T01:15:28</date>
  <millis>1546280128093</millis>
  <sequence>53</sequence>
  <level>START</level>
  <class>com.kms.katalon.core.logging.XmlKeywordLogger</class>
  <method>startKeyword</method>
  <thread>1</thread>
  <message>Start action : comment(\&amp;quot;Page does not contain menu Qlue x MyCity\&amp;quot;)</message>
  <nestedLevel>2</nestedLevel>
  <property name="startLine">27</property>
  <property name="stepIndex">1</property>
</record>
<record>
  <date>2019-01-01T01:15:28</date>
  <millis>1546280128105</millis>
  <sequence>55</sequence>
  <level>END</level>
  <class>com.kms.katalon.core.logging.XmlKeywordLogger</class>
  <method>endKeyword</method>
  <thread>1</thread>
  <message>End action : comment(\&amp;quot;Page does not contain menu Qlue x MyCity\&amp;quot;)</message>
  <nestedLevel>2</nestedLevel>
</record>
<record>
  <date>2019-01-01T01:15:28</date>
  <millis>1546280128105</millis>
  <sequence>56</sequence>
  <level>END</level>
  <class>com.kms.katalon.core.logging.XmlKeywordLogger</class>
  <method>endKeyword</method>
  <thread>1</thread>
  <message>End action : if (!(bodyLow.contains(\&amp;quot;qlue x mycity\&amp;quot;)))</message>
  <nestedLevel>1</nestedLevel>
</record>
<record>
  <date>2019-01-01T01:15:28</date>
  <millis>1546280128105</millis>
  <sequence>57</sequence>
  <level>START</level>
  <class>com.kms.katalon.core.logging.XmlKeywordLogger</class>
  <method>startKeyword</method>
  <thread>1</thread>
  <message>Start action : delay(3)</message>
  <nestedLevel>1</nestedLevel>
  <property name="startLine">30</property>
  <property name="stepIndex">7</property>
</record>
<record>
  <date>2019-01-01T01:15:31</date>
  <millis>1546280131119</millis>
  <sequence>59</sequence>
  <level>PASSED</level>
  <class>com.kms.katalon.core.logging.XmlKeywordLogger</class>
  <method>logMessage</method>
  <thread>1</thread>
  <message>Delayed 3 second(s)</message>
  <nestedLevel>1</nestedLevel>
</record>
<record>
  <date>2019-01-01T01:15:31</date>
  <millis>1546280131119</millis>
  <sequence>60</sequence>
  <level>END</level>
  <class>com.kms.katalon.core.logging.XmlKeywordLogger</class>
  <method>endKeyword</method>
  <thread>1</thread>
  <message>End action : delay(3)</message>
  <nestedLevel>1</nestedLevel>
</record>
<record>
  <date>2019-01-01T01:15:31</date>
  <millis>1546280131120</millis>
  <sequence>61</sequence>
  <level>PASSED</level>
  <class>com.kms.katalon.core.logging.XmlKeywordLogger</class>
  <method>logMessage</method>
  <thread>1</thread>
  <message>Test Cases/case 3 - qlue x mycity</message>
  <nestedLevel>1</nestedLevel>
</record>
<record>
  <date>2019-01-01T01:15:31</date>
  <millis>1546280131121</millis>
  <sequence>62</sequence>
  <level>END</level>
  <class>com.kms.katalon.core.logging.XmlKeywordLogger</class>
  <method>endTest</method>
  <thread>1</thread>
  <message>End Test Case : Test Cases/case 3 - qlue x mycity</message>
  <nestedLevel>0</nestedLevel>
</record>
<record>
  <date>2019-01-01T01:15:31</date>
  <millis>1546280131125</millis>
  <sequence>63</sequence>
  <level>START</level>
  <class>com.kms.katalon.core.logging.XmlKeywordLogger</class>
  <method>startTest</method>
  <thread>1</thread>
  <message>Start Test Case : Test Cases/case 1 - close web</message>
  <nestedLevel>1</nestedLevel>
  <property name="name">Test Cases/case 1 - close web</property>
  <property name="description"></property>
  <property name="id">Test Cases/case 1 - close web</property>
  <property name="source">C:\\Users\\USER-PC\\Katalon Studio\\qlue-automation\\Test Cases\\case 1 - close web.tc</property>
  <property name="isOptional">false</property>
</record>
<record>
  <date>2019-01-01T01:15:31</date>
  <millis>1546280131280</millis>
  <sequence>65</sequence>
  <level>START</level>
  <class>com.kms.katalon.core.logging.XmlKeywordLogger</class>
  <method>startKeyword</method>
  <thread>1</thread>
  <message>Start action : closeBrowser()</message>
  <nestedLevel>1</nestedLevel>
  <property name="startLine">16</property>
  <property name="stepIndex">1</property>
</record>
<record>
  <date>2019-01-01T01:15:32</date>
  <millis>1546280132033</millis>
  <sequence>67</sequence>
  <level>PASSED</level>
  <class>com.kms.katalon.core.logging.XmlKeywordLogger</class>
  <method>logMessage</method>
  <thread>1</thread>
  <message>Browser is closed</message>
  <nestedLevel>1</nestedLevel>
</record>
<record>
  <date>2019-01-01T01:15:32</date>
  <millis>1546280132034</millis>
  <sequence>68</sequence>
  <level>END</level>
  <class>com.kms.katalon.core.logging.XmlKeywordLogger</class>
  <method>endKeyword</method>
  <thread>1</thread>
  <message>End action : closeBrowser()</message>
  <nestedLevel>1</nestedLevel>
</record>
<record>
  <date>2019-01-01T01:15:32</date>
  <millis>1546280132034</millis>
  <sequence>69</sequence>
  <level>PASSED</level>
  <class>com.kms.katalon.core.logging.XmlKeywordLogger</class>
  <method>logMessage</method>
  <thread>1</thread>
  <message>Test Cases/case 1 - close web</message>
  <nestedLevel>1</nestedLevel>
</record>
<record>
  <date>2019-01-01T01:15:32</date>
  <millis>1546280132036</millis>
  <sequence>70</sequence>
  <level>END</level>
  <class>com.kms.katalon.core.logging.XmlKeywordLogger</class>
  <method>endTest</method>
  <thread>1</thread>
  <message>End Test Case : Test Cases/case 1 - close web</message>
  <nestedLevel>0</nestedLevel>
</record>
<record>
  <date>2019-01-01T01:15:32</date>
  <millis>1546280132043</millis>
  <sequence>71</sequence>
  <level>START</level>
  <class>com.kms.katalon.core.logging.XmlKeywordLogger</class>
  <method>startTest</method>
  <thread>1</thread>
  <message>Start Test Case : Test Cases/case 1 - open web</message>
  <nestedLevel>1</nestedLevel>
  <property name="name">Test Cases/case 1 - open web</property>
  <property name="description"></property>
  <property name="id">Test Cases/case 1 - open web</property>
  <property name="source">C:\\Users\\USER-PC\\Katalon Studio\\qlue-automation\\Test Cases\\case 1 - open web.tc</property>
  <property name="isOptional">false</property>
</record>
<record>
  <date>2019-01-01T01:15:32</date>
  <millis>1546280132065</millis>
  <sequence>73</sequence>
  <level>START</level>
  <class>com.kms.katalon.core.logging.XmlKeywordLogger</class>
  <method>startKeyword</method>
  <thread>1</thread>
  <message>Start action : openBrowser(\&amp;quot;http://qlue.co.id\&amp;quot;)</message>
  <nestedLevel>1</nestedLevel>
  <property name="startLine">16</property>
  <property name="stepIndex">1</property>
</record>
<record>
  <date>2019-01-01T01:15:32</date>
  <millis>1546280132067</millis>
  <sequence>75</sequence>
  <level>INFO</level>
  <class>com.kms.katalon.core.logging.XmlKeywordLogger</class>
  <method>logMessage</method>
  <thread>1</thread>
  <message>Starting &amp;apos;Chrome&amp;apos; driver</message>
  <nestedLevel>1</nestedLevel>
</record>
<record>
  <date>2019-01-01T01:15:34</date>
  <millis>1546280134232</millis>
  <sequence>77</sequence>
  <level>RUN_DATA</level>
  <class>com.kms.katalon.core.logging.XmlKeywordLogger</class>
  <method>logMessage</method>
  <thread>1</thread>
  <message>sessionId = 7921a8d64f2580a964452933a2f28dbc</message>
  <nestedLevel>1</nestedLevel>
  <property name="sessionId">7921a8d64f2580a964452933a2f28dbc</property>
</record>
<record>
  <date>2019-01-01T01:15:34</date>
  <millis>1546280134255</millis>
  <sequence>78</sequence>
  <level>RUN_DATA</level>
  <class>com.kms.katalon.core.logging.XmlKeywordLogger</class>
  <method>logMessage</method>
  <thread>1</thread>
  <message>browser = Chrome 71.0.3578.98</message>
  <nestedLevel>1</nestedLevel>
  <property name="browser">Chrome 71.0.3578.98</property>
</record>
<record>
  <date>2019-01-01T01:15:34</date>
  <millis>1546280134255</millis>
  <sequence>79</sequence>
  <level>RUN_DATA</level>
  <class>com.kms.katalon.core.logging.XmlKeywordLogger</class>
  <method>logMessage</method>
  <thread>1</thread>
  <message>platform = Windows 10</message>
  <nestedLevel>1</nestedLevel>
  <property name="platform">Windows 10</property>
</record>
<record>
  <date>2019-01-01T01:15:34</date>
  <millis>1546280134255</millis>
  <sequence>80</sequence>
  <level>RUN_DATA</level>
  <class>com.kms.katalon.core.logging.XmlKeywordLogger</class>
  <method>logMessage</method>
  <thread>1</thread>
  <message>seleniumVersion = 3.7.1</message>
  <nestedLevel>1</nestedLevel>
  <property name="seleniumVersion">3.7.1</property>
</record>
<record>
  <date>2019-01-01T01:15:34</date>
  <millis>1546280134256</millis>
  <sequence>81</sequence>
  <level>RUN_DATA</level>
  <class>com.kms.katalon.core.logging.XmlKeywordLogger</class>
  <method>logMessage</method>
  <thread>1</thread>
  <message>proxyInformation = ProxyInformation{proxyOption=NO_PROXY, proxyServerType=HTTP, password=, proxyServerAddress=, proxyServerPort=0}</message>
  <nestedLevel>1</nestedLevel>
  <property name="proxyInformation">ProxyInformation{proxyOption=NO_PROXY, proxyServerType=HTTP, password=, proxyServerAddress=, proxyServerPort=0}</property>
</record>
<record>
  <date>2019-01-01T01:15:53</date>
  <millis>1546280153059</millis>
  <sequence>83</sequence>
  <level>PASSED</level>
  <class>com.kms.katalon.core.logging.XmlKeywordLogger</class>
  <method>logMessage</method>
  <thread>1</thread>
  <message>Browser is opened with url: &amp;apos;http://qlue.co.id&amp;apos;</message>
  <nestedLevel>1</nestedLevel>
</record>
<record>
  <date>2019-01-01T01:15:53</date>
  <millis>1546280153060</millis>
  <sequence>84</sequence>
  <level>END</level>
  <class>com.kms.katalon.core.logging.XmlKeywordLogger</class>
  <method>endKeyword</method>
  <thread>1</thread>
  <message>End action : openBrowser(\&amp;quot;http://qlue.co.id\&amp;quot;)</message>
  <nestedLevel>1</nestedLevel>
</record>
<record>
  <date>2019-01-01T01:15:53</date>
  <millis>1546280153060</millis>
  <sequence>85</sequence>
  <level>PASSED</level>
  <class>com.kms.katalon.core.logging.XmlKeywordLogger</class>
  <method>logMessage</method>
  <thread>1</thread>
  <message>Test Cases/case 1 - open web</message>
  <nestedLevel>1</nestedLevel>
</record>
<record>
  <date>2019-01-01T01:15:53</date>
  <millis>1546280153061</millis>
  <sequence>86</sequence>
  <level>END</level>
  <class>com.kms.katalon.core.logging.XmlKeywordLogger</class>
  <method>endTest</method>
  <thread>1</thread>
  <message>End Test Case : Test Cases/case 1 - open web</message>
  <nestedLevel>0</nestedLevel>
</record>
<record>
  <date>2019-01-01T01:15:53</date>
  <millis>1546280153065</millis>
  <sequence>87</sequence>
  <level>START</level>
  <class>com.kms.katalon.core.logging.XmlKeywordLogger</class>
  <method>startTest</method>
  <thread>1</thread>
  <message>Start Test Case : Test Cases/case 3 - qluework</message>
  <nestedLevel>1</nestedLevel>
  <property name="name">Test Cases/case 3 - qluework</property>
  <property name="description"></property>
  <property name="id">Test Cases/case 3 - qluework</property>
  <property name="source">C:\\Users\\USER-PC\\Katalon Studio\\qlue-automation\\Test Cases\\case 3 - qluework.tc</property>
  <property name="isOptional">false</property>
</record>
<record>
  <date>2019-01-01T01:15:53</date>
  <millis>1546280153226</millis>
  <sequence>89</sequence>
  <level>START</level>
  <class>com.kms.katalon.core.logging.XmlKeywordLogger</class>
  <method>startKeyword</method>
  <thread>1</thread>
  <message>Start action : click(findTestObject(\&amp;quot;Page_Home - Qlue/a_Solutions\&amp;quot;))</message>
  <nestedLevel>1</nestedLevel>
  <property name="startLine">16</property>
  <property name="stepIndex">1</property>
</record>
<record>
  <date>2019-01-01T01:16:01</date>
  <millis>1546280161687</millis>
  <sequence>96</sequence>
  <level>PASSED</level>
  <class>com.kms.katalon.core.logging.XmlKeywordLogger</class>
  <method>logMessage</method>
  <thread>1</thread>
  <message>Object: &amp;apos;Object Repository/Page_Home - Qlue/a_Solutions&amp;apos; is clicked on</message>
  <nestedLevel>1</nestedLevel>
</record>
<record>
  <date>2019-01-01T01:16:01</date>
  <millis>1546280161688</millis>
  <sequence>97</sequence>
  <level>END</level>
  <class>com.kms.katalon.core.logging.XmlKeywordLogger</class>
  <method>endKeyword</method>
  <thread>1</thread>
  <message>End action : click(findTestObject(\&amp;quot;Page_Home - Qlue/a_Solutions\&amp;quot;))</message>
  <nestedLevel>1</nestedLevel>
</record>
<record>
  <date>2019-01-01T01:16:01</date>
  <millis>1546280161688</millis>
  <sequence>98</sequence>
  <level>START</level>
  <class>com.kms.katalon.core.logging.XmlKeywordLogger</class>
  <method>startKeyword</method>
  <thread>1</thread>
  <message>Start action : title = getWindowTitle()</message>
  <nestedLevel>1</nestedLevel>
  <property name="startLine">18</property>
  <property name="stepIndex">2</property>
</record>
<record>
  <date>2019-01-01T01:16:01</date>
  <millis>1546280161696</millis>
  <sequence>100</sequence>
  <level>PASSED</level>
  <class>com.kms.katalon.core.logging.XmlKeywordLogger</class>
  <method>logMessage</method>
  <thread>1</thread>
  <message>Current window&amp;apos;s title is: &amp;apos;Solution - Qlue&amp;apos;</message>
  <nestedLevel>1</nestedLevel>
</record>
<record>
  <date>2019-01-01T01:16:01</date>
  <millis>1546280161696</millis>
  <sequence>101</sequence>
  <level>END</level>
  <class>com.kms.katalon.core.logging.XmlKeywordLogger</class>
  <method>endKeyword</method>
  <thread>1</thread>
  <message>End action : title = getWindowTitle()</message>
  <nestedLevel>1</nestedLevel>
</record>
<record>
  <date>2019-01-01T01:16:01</date>
  <millis>1546280161696</millis>
  <sequence>102</sequence>
  <level>START</level>
  <class>com.kms.katalon.core.logging.XmlKeywordLogger</class>
  <method>startKeyword</method>
  <thread>1</thread>
  <message>Start action : verifyEqual(title, \&amp;quot;Solution - Qlue\&amp;quot;, STOP_ON_FAILURE)</message>
  <nestedLevel>1</nestedLevel>
  <property name="startLine">20</property>
  <property name="stepIndex">3</property>
</record>
<record>
  <date>2019-01-01T01:16:01</date>
  <millis>1546280161697</millis>
  <sequence>104</sequence>
  <level>PASSED</level>
  <class>com.kms.katalon.core.logging.XmlKeywordLogger</class>
  <method>logMessage</method>
  <thread>1</thread>
  <message>Actual object &amp;apos;Solution - Qlue&amp;apos; and expected object &amp;apos;Solution - Qlue&amp;apos; are equal</message>
  <nestedLevel>1</nestedLevel>
</record>
<record>
  <date>2019-01-01T01:16:01</date>
  <millis>1546280161698</millis>
  <sequence>105</sequence>
  <level>END</level>
  <class>com.kms.katalon.core.logging.XmlKeywordLogger</class>
  <method>endKeyword</method>
  <thread>1</thread>
  <message>End action : verifyEqual(title, \&amp;quot;Solution - Qlue\&amp;quot;, STOP_ON_FAILURE)</message>
  <nestedLevel>1</nestedLevel>
</record>
<record>
  <date>2019-01-01T01:16:01</date>
  <millis>1546280161698</millis>
  <sequence>106</sequence>
  <level>START</level>
  <class>com.kms.katalon.core.logging.XmlKeywordLogger</class>
  <method>startKeyword</method>
  <thread>1</thread>
  <message>Start action : body = getText(findTestObject(\&amp;quot;Page_Solution - Qlue/body_About UsSolutionsCareerEN\&amp;quot;))</message>
  <nestedLevel>1</nestedLevel>
  <property name="startLine">22</property>
  <property name="stepIndex">4</property>
</record>
<record>
  <date>2019-01-01T01:16:01</date>
  <millis>1546280161784</millis>
  <sequence>113</sequence>
  <level>PASSED</level>
  <class>com.kms.katalon.core.logging.XmlKeywordLogger</class>
  <method>logMessage</method>
  <thread>1</thread>
  <message>Text of object &amp;apos;Object Repository/Page_Solution - Qlue/body_About UsSolutionsCareerEN&amp;apos; is: &amp;apos;About Us\nSolutions\nCareer\nEN\nWe build solutions to transform and maximize the way organizations use their data.\nOur users are at the center of our technological development. Today, our solutions are impacting millions of people in national and city governments, businesses, and organizations, to address challenges previously impossible to solve.\nSave Cost\n\nImprove efficiency, recover lost revenue, and create new revenue streams with our machine learning capabilities and predictive analytics\nIncrease Overall Performance\n\nAccess a full range of insights on your KPI monitoring with our big data technology and unleash your optimum potential.\nFaster &amp;amp; more Accurate Decision Making\n\nWe help to integrate these data to produce meaningful information that you can act upon, immediately.\nIntegrate data, and produce insights for leaders to make business decisions\nSmart Governance\nQlue helps to solve urbanization problems and promote transparency between governments and their citizens. We are doing this by capturing data from various sources, integrated into a one-stop dashboard access, and visualized as actionable insight. Our analytics platform is capable to understand and predict behaviors of cities and citizen, thus helping leaders make better policy decisions, especially when it matters most.\nSmart Mobility and Traffic\nCities undergoing urbanization growth face severe mobility and traffic issues. Qlue gathers and analyzes millions of data by using Computer Vision Technology to capture real-time traffic conditions, so that decision-makers can develop infrastructure plans, building better traffic modeling, and implement better policies. Cities undergoing urbanization growth face various challenges, one of which is the unbalanced growth of vehicles to roads. Qlue gathers and analyzes millions of data related to mobility, traffic, and other urbanization issues,  by using Computer Vision Technology to capture real-time traffic conditions, so that decision-makers can develop infrastructure plans and policies based on real data.\nDisaster Response Management\nDisaster Response situations require intense collaboration between volunteers, governments and law enforcement agencies, in order to effectively distribute aids to refugee camps and identify damage estimation. Qlue provides a sophisticated yet easy-to-use application and platform to capture damages so volunteers know what to bring and where to distribute, as well as facilitating the better recovery process. This practical approach saves time to distribute aids and saves cost from prolonged recovery.\nSecurity and Safety\nQlue works with law enforcement agencies and businesses by optimizing security and safety management. Our solution provides tools to help in identifying potential threats and provide an immediate response by dispatching personnel effectively. Our machine learning will also provide data-driven recommendations for decision-makers to predict threat prone areas in the future.\nData Intelligence\nWhen you want to grow revenue, improve operational efficiency, or predicting trends, the biggest challenge is to find the right tools that can fit your specific problems. Qlue empowers governments and businesses with an AI-driven platform that can help you to understand what is happening, and anticipate what is going to happen next.\nJalan Pejaten Barat No. 13, RT.1/RW.8, Pejaten\nBarat, Pasar Minggu, Kota Jakarta Selatan, Daerah\nKhusus Ibukota Jakarta 12510\n+62 21 71793635\ninfo@qlue.co.id\nWe&amp;apos;re Hiring!\nClick Here and let\u2019s smarten up our nation, one Qlue at a time!\nPress Kit\nClick Here for logo, company profile and portfolio.\n\u00A9 2018 Qlue Copyright\nContact About Privacy Policy Blog We\u2019re Hiring! Partner&amp;apos;</message>
  <nestedLevel>1</nestedLevel>
</record>
<record>
  <date>2019-01-01T01:16:01</date>
  <millis>1546280161786</millis>
  <sequence>114</sequence>
  <level>END</level>
  <class>com.kms.katalon.core.logging.XmlKeywordLogger</class>
  <method>endKeyword</method>
  <thread>1</thread>
  <message>End action : body = getText(findTestObject(\&amp;quot;Page_Solution - Qlue/body_About UsSolutionsCareerEN\&amp;quot;))</message>
  <nestedLevel>1</nestedLevel>
</record>
<record>
  <date>2019-01-01T01:16:01</date>
  <millis>1546280161786</millis>
  <sequence>115</sequence>
  <level>START</level>
  <class>com.kms.katalon.core.logging.XmlKeywordLogger</class>
  <method>startKeyword</method>
  <thread>1</thread>
  <message>Start action : bodyLow = body.toLowerCase()</message>
  <nestedLevel>1</nestedLevel>
  <property name="startLine">24</property>
  <property name="stepIndex">5</property>
</record>
<record>
  <date>2019-01-01T01:16:01</date>
  <millis>1546280161787</millis>
  <sequence>116</sequence>
  <level>END</level>
  <class>com.kms.katalon.core.logging.XmlKeywordLogger</class>
  <method>endKeyword</method>
  <thread>1</thread>
  <message>End action : bodyLow = body.toLowerCase()</message>
  <nestedLevel>1</nestedLevel>
</record>
<record>
  <date>2019-01-01T01:16:01</date>
  <millis>1546280161788</millis>
  <sequence>117</sequence>
  <level>START</level>
  <class>com.kms.katalon.core.logging.XmlKeywordLogger</class>
  <method>startKeyword</method>
  <thread>1</thread>
  <message>Start action : if (!(bodyLow.contains(\&amp;quot;qluework\&amp;quot;)))</message>
  <nestedLevel>1</nestedLevel>
  <property name="startLine">26</property>
  <property name="stepIndex">6</property>
</record>
<record>
  <date>2019-01-01T01:16:01</date>
  <millis>1546280161788</millis>
  <sequence>118</sequence>
  <level>START</level>
  <class>com.kms.katalon.core.logging.XmlKeywordLogger</class>
  <method>startKeyword</method>
  <thread>1</thread>
  <message>Start action : comment(\&amp;quot;Page does not contain menu QlueWork\&amp;quot;)</message>
  <nestedLevel>2</nestedLevel>
  <property name="startLine">27</property>
  <property name="stepIndex">1</property>
</record>
<record>
  <date>2019-01-01T01:16:01</date>
  <millis>1546280161789</millis>
  <sequence>120</sequence>
  <level>END</level>
  <class>com.kms.katalon.core.logging.XmlKeywordLogger</class>
  <method>endKeyword</method>
  <thread>1</thread>
  <message>End action : comment(\&amp;quot;Page does not contain menu QlueWork\&amp;quot;)</message>
  <nestedLevel>2</nestedLevel>
</record>
<record>
  <date>2019-01-01T01:16:01</date>
  <millis>1546280161790</millis>
  <sequence>121</sequence>
  <level>END</level>
  <class>com.kms.katalon.core.logging.XmlKeywordLogger</class>
  <method>endKeyword</method>
  <thread>1</thread>
  <message>End action : if (!(bodyLow.contains(\&amp;quot;qluework\&amp;quot;)))</message>
  <nestedLevel>1</nestedLevel>
</record>
<record>
  <date>2019-01-01T01:16:01</date>
  <millis>1546280161790</millis>
  <sequence>122</sequence>
  <level>START</level>
  <class>com.kms.katalon.core.logging.XmlKeywordLogger</class>
  <method>startKeyword</method>
  <thread>1</thread>
  <message>Start action : delay(3)</message>
  <nestedLevel>1</nestedLevel>
  <property name="startLine">30</property>
  <property name="stepIndex">7</property>
</record>
<record>
  <date>2019-01-01T01:16:04</date>
  <millis>1546280164790</millis>
  <sequence>124</sequence>
  <level>PASSED</level>
  <class>com.kms.katalon.core.logging.XmlKeywordLogger</class>
  <method>logMessage</method>
  <thread>1</thread>
  <message>Delayed 3 second(s)</message>
  <nestedLevel>1</nestedLevel>
</record>
<record>
  <date>2019-01-01T01:16:04</date>
  <millis>1546280164791</millis>
  <sequence>125</sequence>
  <level>END</level>
  <class>com.kms.katalon.core.logging.XmlKeywordLogger</class>
  <method>endKeyword</method>
  <thread>1</thread>
  <message>End action : delay(3)</message>
  <nestedLevel>1</nestedLevel>
</record>
<record>
  <date>2019-01-01T01:16:04</date>
  <millis>1546280164791</millis>
  <sequence>126</sequence>
  <level>PASSED</level>
  <class>com.kms.katalon.core.logging.XmlKeywordLogger</class>
  <method>logMessage</method>
  <thread>1</thread>
  <message>Test Cases/case 3 - qluework</message>
  <nestedLevel>1</nestedLevel>
</record>
<record>
  <date>2019-01-01T01:16:04</date>
  <millis>1546280164793</millis>
  <sequence>127</sequence>
  <level>END</level>
  <class>com.kms.katalon.core.logging.XmlKeywordLogger</class>
  <method>endTest</method>
  <thread>1</thread>
  <message>End Test Case : Test Cases/case 3 - qluework</message>
  <nestedLevel>0</nestedLevel>
</record>
<record>
  <date>2019-01-01T01:16:04</date>
  <millis>1546280164798</millis>
  <sequence>128</sequence>
  <level>START</level>
  <class>com.kms.katalon.core.logging.XmlKeywordLogger</class>
  <method>startTest</method>
  <thread>1</thread>
  <message>Start Test Case : Test Cases/case 1 - close web</message>
  <nestedLevel>1</nestedLevel>
  <property name="name">Test Cases/case 1 - close web</property>
  <property name="description"></property>
  <property name="id">Test Cases/case 1 - close web</property>
  <property name="source">C:\\Users\\USER-PC\\Katalon Studio\\qlue-automation\\Test Cases\\case 1 - close web.tc</property>
  <property name="isOptional">false</property>
</record>
<record>
  <date>2019-01-01T01:16:04</date>
  <millis>1546280164802</millis>
  <sequence>130</sequence>
  <level>START</level>
  <class>com.kms.katalon.core.logging.XmlKeywordLogger</class>
  <method>startKeyword</method>
  <thread>1</thread>
  <message>Start action : closeBrowser()</message>
  <nestedLevel>1</nestedLevel>
  <property name="startLine">16</property>
  <property name="stepIndex">1</property>
</record>
<record>
  <date>2019-01-01T01:16:05</date>
  <millis>1546280165512</millis>
  <sequence>132</sequence>
  <level>PASSED</level>
  <class>com.kms.katalon.core.logging.XmlKeywordLogger</class>
  <method>logMessage</method>
  <thread>1</thread>
  <message>Browser is closed</message>
  <nestedLevel>1</nestedLevel>
</record>
<record>
  <date>2019-01-01T01:16:05</date>
  <millis>1546280165512</millis>
  <sequence>133</sequence>
  <level>END</level>
  <class>com.kms.katalon.core.logging.XmlKeywordLogger</class>
  <method>endKeyword</method>
  <thread>1</thread>
  <message>End action : closeBrowser()</message>
  <nestedLevel>1</nestedLevel>
</record>
<record>
  <date>2019-01-01T01:16:05</date>
  <millis>1546280165513</millis>
  <sequence>134</sequence>
  <level>PASSED</level>
  <class>com.kms.katalon.core.logging.XmlKeywordLogger</class>
  <method>logMessage</method>
  <thread>1</thread>
  <message>Test Cases/case 1 - close web</message>
  <nestedLevel>1</nestedLevel>
</record>
<record>
  <date>2019-01-01T01:16:05</date>
  <millis>1546280165513</millis>
  <sequence>135</sequence>
  <level>END</level>
  <class>com.kms.katalon.core.logging.XmlKeywordLogger</class>
  <method>endTest</method>
  <thread>1</thread>
  <message>End Test Case : Test Cases/case 1 - close web</message>
  <nestedLevel>0</nestedLevel>
</record>
<record>
  <date>2019-01-01T01:16:05</date>
  <millis>1546280165519</millis>
  <sequence>136</sequence>
  <level>START</level>
  <class>com.kms.katalon.core.logging.XmlKeywordLogger</class>
  <method>startTest</method>
  <thread>1</thread>
  <message>Start Test Case : Test Cases/case 1 - open web</message>
  <nestedLevel>1</nestedLevel>
  <property name="name">Test Cases/case 1 - open web</property>
  <property name="description"></property>
  <property name="id">Test Cases/case 1 - open web</property>
  <property name="source">C:\\Users\\USER-PC\\Katalon Studio\\qlue-automation\\Test Cases\\case 1 - open web.tc</property>
  <property name="isOptional">false</property>
</record>
<record>
  <date>2019-01-01T01:16:05</date>
  <millis>1546280165527</millis>
  <sequence>138</sequence>
  <level>START</level>
  <class>com.kms.katalon.core.logging.XmlKeywordLogger</class>
  <method>startKeyword</method>
  <thread>1</thread>
  <message>Start action : openBrowser(\&amp;quot;http://qlue.co.id\&amp;quot;)</message>
  <nestedLevel>1</nestedLevel>
  <property name="startLine">16</property>
  <property name="stepIndex">1</property>
</record>
<record>
  <date>2019-01-01T01:16:05</date>
  <millis>1546280165528</millis>
  <sequence>140</sequence>
  <level>INFO</level>
  <class>com.kms.katalon.core.logging.XmlKeywordLogger</class>
  <method>logMessage</method>
  <thread>1</thread>
  <message>Starting &amp;apos;Chrome&amp;apos; driver</message>
  <nestedLevel>1</nestedLevel>
</record>
<record>
  <date>2019-01-01T01:16:07</date>
  <millis>1546280167916</millis>
  <sequence>142</sequence>
  <level>RUN_DATA</level>
  <class>com.kms.katalon.core.logging.XmlKeywordLogger</class>
  <method>logMessage</method>
  <thread>1</thread>
  <message>sessionId = 86a84adeb27e30950e6f802deff53abc</message>
  <nestedLevel>1</nestedLevel>
  <property name="sessionId">86a84adeb27e30950e6f802deff53abc</property>
</record>
<record>
  <date>2019-01-01T01:16:07</date>
  <millis>1546280167940</millis>
  <sequence>143</sequence>
  <level>RUN_DATA</level>
  <class>com.kms.katalon.core.logging.XmlKeywordLogger</class>
  <method>logMessage</method>
  <thread>1</thread>
  <message>browser = Chrome 71.0.3578.98</message>
  <nestedLevel>1</nestedLevel>
  <property name="browser">Chrome 71.0.3578.98</property>
</record>
<record>
  <date>2019-01-01T01:16:07</date>
  <millis>1546280167940</millis>
  <sequence>144</sequence>
  <level>RUN_DATA</level>
  <class>com.kms.katalon.core.logging.XmlKeywordLogger</class>
  <method>logMessage</method>
  <thread>1</thread>
  <message>platform = Windows 10</message>
  <nestedLevel>1</nestedLevel>
  <property name="platform">Windows 10</property>
</record>
<record>
  <date>2019-01-01T01:16:07</date>
  <millis>1546280167941</millis>
  <sequence>145</sequence>
  <level>RUN_DATA</level>
  <class>com.kms.katalon.core.logging.XmlKeywordLogger</class>
  <method>logMessage</method>
  <thread>1</thread>
  <message>seleniumVersion = 3.7.1</message>
  <nestedLevel>1</nestedLevel>
  <property name="seleniumVersion">3.7.1</property>
</record>
<record>
  <date>2019-01-01T01:16:07</date>
  <millis>1546280167941</millis>
  <sequence>146</sequence>
  <level>RUN_DATA</level>
  <class>com.kms.katalon.core.logging.XmlKeywordLogger</class>
  <method>logMessage</method>
  <thread>1</thread>
  <message>proxyInformation = ProxyInformation{proxyOption=NO_PROXY, proxyServerType=HTTP, password=, proxyServerAddress=, proxyServerPort=0}</message>
  <nestedLevel>1</nestedLevel>
  <property name="proxyInformation">ProxyInformation{proxyOption=NO_PROXY, proxyServerType=HTTP, password=, proxyServerAddress=, proxyServerPort=0}</property>
</record>
<record>
  <date>2019-01-01T01:16:22</date>
  <millis>1546280182080</millis>
  <sequence>148</sequence>
  <level>PASSED</level>
  <class>com.kms.katalon.core.logging.XmlKeywordLogger</class>
  <method>logMessage</method>
  <thread>1</thread>
  <message>Browser is opened with url: &amp;apos;http://qlue.co.id&amp;apos;</message>
  <nestedLevel>1</nestedLevel>
</record>
<record>
  <date>2019-01-01T01:16:22</date>
  <millis>1546280182081</millis>
  <sequence>149</sequence>
  <level>END</level>
  <class>com.kms.katalon.core.logging.XmlKeywordLogger</class>
  <method>endKeyword</method>
  <thread>1</thread>
  <message>End action : openBrowser(\&amp;quot;http://qlue.co.id\&amp;quot;)</message>
  <nestedLevel>1</nestedLevel>
</record>
<record>
  <date>2019-01-01T01:16:22</date>
  <millis>1546280182081</millis>
  <sequence>150</sequence>
  <level>PASSED</level>
  <class>com.kms.katalon.core.logging.XmlKeywordLogger</class>
  <method>logMessage</method>
  <thread>1</thread>
  <message>Test Cases/case 1 - open web</message>
  <nestedLevel>1</nestedLevel>
</record>
<record>
  <date>2019-01-01T01:16:22</date>
  <millis>1546280182082</millis>
  <sequence>151</sequence>
  <level>END</level>
  <class>com.kms.katalon.core.logging.XmlKeywordLogger</class>
  <method>endTest</method>
  <thread>1</thread>
  <message>End Test Case : Test Cases/case 1 - open web</message>
  <nestedLevel>0</nestedLevel>
</record>
<record>
  <date>2019-01-01T01:16:22</date>
  <millis>1546280182085</millis>
  <sequence>152</sequence>
  <level>START</level>
  <class>com.kms.katalon.core.logging.XmlKeywordLogger</class>
  <method>startTest</method>
  <thread>1</thread>
  <message>Start Test Case : Test Cases/case 3 - qluevision</message>
  <nestedLevel>1</nestedLevel>
  <property name="name">Test Cases/case 3 - qluevision</property>
  <property name="description"></property>
  <property name="id">Test Cases/case 3 - qluevision</property>
  <property name="source">C:\\Users\\USER-PC\\Katalon Studio\\qlue-automation\\Test Cases\\case 3 - qluevision.tc</property>
  <property name="isOptional">false</property>
</record>
<record>
  <date>2019-01-01T01:16:22</date>
  <millis>1546280182251</millis>
  <sequence>154</sequence>
  <level>START</level>
  <class>com.kms.katalon.core.logging.XmlKeywordLogger</class>
  <method>startKeyword</method>
  <thread>1</thread>
  <message>Start action : click(findTestObject(\&amp;quot;Page_Home - Qlue/a_Solutions\&amp;quot;))</message>
  <nestedLevel>1</nestedLevel>
  <property name="startLine">16</property>
  <property name="stepIndex">1</property>
</record>
<record>
  <date>2019-01-01T01:16:27</date>
  <millis>1546280187222</millis>
  <sequence>161</sequence>
  <level>PASSED</level>
  <class>com.kms.katalon.core.logging.XmlKeywordLogger</class>
  <method>logMessage</method>
  <thread>1</thread>
  <message>Object: &amp;apos;Object Repository/Page_Home - Qlue/a_Solutions&amp;apos; is clicked on</message>
  <nestedLevel>1</nestedLevel>
</record>
<record>
  <date>2019-01-01T01:16:27</date>
  <millis>1546280187223</millis>
  <sequence>162</sequence>
  <level>END</level>
  <class>com.kms.katalon.core.logging.XmlKeywordLogger</class>
  <method>endKeyword</method>
  <thread>1</thread>
  <message>End action : click(findTestObject(\&amp;quot;Page_Home - Qlue/a_Solutions\&amp;quot;))</message>
  <nestedLevel>1</nestedLevel>
</record>
<record>
  <date>2019-01-01T01:16:27</date>
  <millis>1546280187223</millis>
  <sequence>163</sequence>
  <level>START</level>
  <class>com.kms.katalon.core.logging.XmlKeywordLogger</class>
  <method>startKeyword</method>
  <thread>1</thread>
  <message>Start action : title = getWindowTitle()</message>
  <nestedLevel>1</nestedLevel>
  <property name="startLine">18</property>
  <property name="stepIndex">2</property>
</record>
<record>
  <date>2019-01-01T01:16:27</date>
  <millis>1546280187233</millis>
  <sequence>165</sequence>
  <level>PASSED</level>
  <class>com.kms.katalon.core.logging.XmlKeywordLogger</class>
  <method>logMessage</method>
  <thread>1</thread>
  <message>Current window&amp;apos;s title is: &amp;apos;Solution - Qlue&amp;apos;</message>
  <nestedLevel>1</nestedLevel>
</record>
<record>
  <date>2019-01-01T01:16:27</date>
  <millis>1546280187233</millis>
  <sequence>166</sequence>
  <level>END</level>
  <class>com.kms.katalon.core.logging.XmlKeywordLogger</class>
  <method>endKeyword</method>
  <thread>1</thread>
  <message>End action : title = getWindowTitle()</message>
  <nestedLevel>1</nestedLevel>
</record>
<record>
  <date>2019-01-01T01:16:27</date>
  <millis>1546280187233</millis>
  <sequence>167</sequence>
  <level>START</level>
  <class>com.kms.katalon.core.logging.XmlKeywordLogger</class>
  <method>startKeyword</method>
  <thread>1</thread>
  <message>Start action : verifyEqual(title, \&amp;quot;Solution - Qlue\&amp;quot;, STOP_ON_FAILURE)</message>
  <nestedLevel>1</nestedLevel>
  <property name="startLine">20</property>
  <property name="stepIndex">3</property>
</record>
<record>
  <date>2019-01-01T01:16:27</date>
  <millis>1546280187234</millis>
  <sequence>169</sequence>
  <level>PASSED</level>
  <class>com.kms.katalon.core.logging.XmlKeywordLogger</class>
  <method>logMessage</method>
  <thread>1</thread>
  <message>Actual object &amp;apos;Solution - Qlue&amp;apos; and expected object &amp;apos;Solution - Qlue&amp;apos; are equal</message>
  <nestedLevel>1</nestedLevel>
</record>
<record>
  <date>2019-01-01T01:16:27</date>
  <millis>1546280187234</millis>
  <sequence>170</sequence>
  <level>END</level>
  <class>com.kms.katalon.core.logging.XmlKeywordLogger</class>
  <method>endKeyword</method>
  <thread>1</thread>
  <message>End action : verifyEqual(title, \&amp;quot;Solution - Qlue\&amp;quot;, STOP_ON_FAILURE)</message>
  <nestedLevel>1</nestedLevel>
</record>
<record>
  <date>2019-01-01T01:16:27</date>
  <millis>1546280187235</millis>
  <sequence>171</sequence>
  <level>START</level>
  <class>com.kms.katalon.core.logging.XmlKeywordLogger</class>
  <method>startKeyword</method>
  <thread>1</thread>
  <message>Start action : body = getText(findTestObject(\&amp;quot;Page_Solution - Qlue/body_About UsSolutionsCareerEN\&amp;quot;))</message>
  <nestedLevel>1</nestedLevel>
  <property name="startLine">22</property>
  <property name="stepIndex">4</property>
</record>
<record>
  <date>2019-01-01T01:16:27</date>
  <millis>1546280187315</millis>
  <sequence>178</sequence>
  <level>PASSED</level>
  <class>com.kms.katalon.core.logging.XmlKeywordLogger</class>
  <method>logMessage</method>
  <thread>1</thread>
  <message>Text of object &amp;apos;Object Repository/Page_Solution - Qlue/body_About UsSolutionsCareerEN&amp;apos; is: &amp;apos;About Us\nSolutions\nCareer\nEN\nWe build solutions to transform and maximize the way organizations use their data.\nOur users are at the center of our technological development. Today, our solutions are impacting millions of people in national and city governments, businesses, and organizations, to address challenges previously impossible to solve.\nSave Cost\n\nImprove efficiency, recover lost revenue, and create new revenue streams with our machine learning capabilities and predictive analytics\nIncrease Overall Performance\n\nAccess a full range of insights on your KPI monitoring with our big data technology and unleash your optimum potential.\nFaster &amp;amp; more Accurate Decision Making\n\nWe help to integrate these data to produce meaningful information that you can act upon, immediately.\nIntegrate data, and produce insights for leaders to make business decisions\nSmart Governance\nQlue helps to solve urbanization problems and promote transparency between governments and their citizens. We are doing this by capturing data from various sources, integrated into a one-stop dashboard access, and visualized as actionable insight. Our analytics platform is capable to understand and predict behaviors of cities and citizen, thus helping leaders make better policy decisions, especially when it matters most.\nSmart Mobility and Traffic\nCities undergoing urbanization growth face severe mobility and traffic issues. Qlue gathers and analyzes millions of data by using Computer Vision Technology to capture real-time traffic conditions, so that decision-makers can develop infrastructure plans, building better traffic modeling, and implement better policies. Cities undergoing urbanization growth face various challenges, one of which is the unbalanced growth of vehicles to roads. Qlue gathers and analyzes millions of data related to mobility, traffic, and other urbanization issues,  by using Computer Vision Technology to capture real-time traffic conditions, so that decision-makers can develop infrastructure plans and policies based on real data.\nDisaster Response Management\nDisaster Response situations require intense collaboration between volunteers, governments and law enforcement agencies, in order to effectively distribute aids to refugee camps and identify damage estimation. Qlue provides a sophisticated yet easy-to-use application and platform to capture damages so volunteers know what to bring and where to distribute, as well as facilitating the better recovery process. This practical approach saves time to distribute aids and saves cost from prolonged recovery.\nSecurity and Safety\nQlue works with law enforcement agencies and businesses by optimizing security and safety management. Our solution provides tools to help in identifying potential threats and provide an immediate response by dispatching personnel effectively. Our machine learning will also provide data-driven recommendations for decision-makers to predict threat prone areas in the future.\nData Intelligence\nWhen you want to grow revenue, improve operational efficiency, or predicting trends, the biggest challenge is to find the right tools that can fit your specific problems. Qlue empowers governments and businesses with an AI-driven platform that can help you to understand what is happening, and anticipate what is going to happen next.\nJalan Pejaten Barat No. 13, RT.1/RW.8, Pejaten\nBarat, Pasar Minggu, Kota Jakarta Selatan, Daerah\nKhusus Ibukota Jakarta 12510\n+62 21 71793635\ninfo@qlue.co.id\nWe&amp;apos;re Hiring!\nClick Here and let\u2019s smarten up our nation, one Qlue at a time!\nPress Kit\nClick Here for logo, company profile and portfolio.\n\u00A9 2018 Qlue Copyright\nContact About Privacy Policy Blog We\u2019re Hiring! Partner&amp;apos;</message>
  <nestedLevel>1</nestedLevel>
</record>
<record>
  <date>2019-01-01T01:16:27</date>
  <millis>1546280187316</millis>
  <sequence>179</sequence>
  <level>END</level>
  <class>com.kms.katalon.core.logging.XmlKeywordLogger</class>
  <method>endKeyword</method>
  <thread>1</thread>
  <message>End action : body = getText(findTestObject(\&amp;quot;Page_Solution - Qlue/body_About UsSolutionsCareerEN\&amp;quot;))</message>
  <nestedLevel>1</nestedLevel>
</record>
<record>
  <date>2019-01-01T01:16:27</date>
  <millis>1546280187316</millis>
  <sequence>180</sequence>
  <level>START</level>
  <class>com.kms.katalon.core.logging.XmlKeywordLogger</class>
  <method>startKeyword</method>
  <thread>1</thread>
  <message>Start action : bodyLow = body.toLowerCase()</message>
  <nestedLevel>1</nestedLevel>
  <property name="startLine">24</property>
  <property name="stepIndex">5</property>
</record>
<record>
  <date>2019-01-01T01:16:27</date>
  <millis>1546280187317</millis>
  <sequence>181</sequence>
  <level>END</level>
  <class>com.kms.katalon.core.logging.XmlKeywordLogger</class>
  <method>endKeyword</method>
  <thread>1</thread>
  <message>End action : bodyLow = body.toLowerCase()</message>
  <nestedLevel>1</nestedLevel>
</record>
<record>
  <date>2019-01-01T01:16:27</date>
  <millis>1546280187317</millis>
  <sequence>182</sequence>
  <level>START</level>
  <class>com.kms.katalon.core.logging.XmlKeywordLogger</class>
  <method>startKeyword</method>
  <thread>1</thread>
  <message>Start action : if (!(bodyLow.contains(\&amp;quot;qluevision\&amp;quot;)))</message>
  <nestedLevel>1</nestedLevel>
  <property name="startLine">26</property>
  <property name="stepIndex">6</property>
</record>
<record>
  <date>2019-01-01T01:16:27</date>
  <millis>1546280187318</millis>
  <sequence>183</sequence>
  <level>START</level>
  <class>com.kms.katalon.core.logging.XmlKeywordLogger</class>
  <method>startKeyword</method>
  <thread>1</thread>
  <message>Start action : comment(\&amp;quot;Page does not contain menu QlueVision\&amp;quot;)</message>
  <nestedLevel>2</nestedLevel>
  <property name="startLine">27</property>
  <property name="stepIndex">1</property>
</record>
<record>
  <date>2019-01-01T01:16:27</date>
  <millis>1546280187319</millis>
  <sequence>185</sequence>
  <level>END</level>
  <class>com.kms.katalon.core.logging.XmlKeywordLogger</class>
  <method>endKeyword</method>
  <thread>1</thread>
  <message>End action : comment(\&amp;quot;Page does not contain menu QlueVision\&amp;quot;)</message>
  <nestedLevel>2</nestedLevel>
</record>
<record>
  <date>2019-01-01T01:16:27</date>
  <millis>1546280187319</millis>
  <sequence>186</sequence>
  <level>END</level>
  <class>com.kms.katalon.core.logging.XmlKeywordLogger</class>
  <method>endKeyword</method>
  <thread>1</thread>
  <message>End action : if (!(bodyLow.contains(\&amp;quot;qluevision\&amp;quot;)))</message>
  <nestedLevel>1</nestedLevel>
</record>
<record>
  <date>2019-01-01T01:16:27</date>
  <millis>1546280187319</millis>
  <sequence>187</sequence>
  <level>START</level>
  <class>com.kms.katalon.core.logging.XmlKeywordLogger</class>
  <method>startKeyword</method>
  <thread>1</thread>
  <message>Start action : delay(3)</message>
  <nestedLevel>1</nestedLevel>
  <property name="startLine">30</property>
  <property name="stepIndex">7</property>
</record>
<record>
  <date>2019-01-01T01:16:30</date>
  <millis>1546280190321</millis>
  <sequence>189</sequence>
  <level>PASSED</level>
  <class>com.kms.katalon.core.logging.XmlKeywordLogger</class>
  <method>logMessage</method>
  <thread>1</thread>
  <message>Delayed 3 second(s)</message>
  <nestedLevel>1</nestedLevel>
</record>
<record>
  <date>2019-01-01T01:16:30</date>
  <millis>1546280190322</millis>
  <sequence>190</sequence>
  <level>END</level>
  <class>com.kms.katalon.core.logging.XmlKeywordLogger</class>
  <method>endKeyword</method>
  <thread>1</thread>
  <message>End action : delay(3)</message>
  <nestedLevel>1</nestedLevel>
</record>
<record>
  <date>2019-01-01T01:16:30</date>
  <millis>1546280190323</millis>
  <sequence>191</sequence>
  <level>PASSED</level>
  <class>com.kms.katalon.core.logging.XmlKeywordLogger</class>
  <method>logMessage</method>
  <thread>1</thread>
  <message>Test Cases/case 3 - qluevision</message>
  <nestedLevel>1</nestedLevel>
</record>
<record>
  <date>2019-01-01T01:16:30</date>
  <millis>1546280190324</millis>
  <sequence>192</sequence>
  <level>END</level>
  <class>com.kms.katalon.core.logging.XmlKeywordLogger</class>
  <method>endTest</method>
  <thread>1</thread>
  <message>End Test Case : Test Cases/case 3 - qluevision</message>
  <nestedLevel>0</nestedLevel>
</record>
<record>
  <date>2019-01-01T01:16:30</date>
  <millis>1546280190345</millis>
  <sequence>193</sequence>
  <level>START</level>
  <class>com.kms.katalon.core.logging.XmlKeywordLogger</class>
  <method>startTest</method>
  <thread>1</thread>
  <message>Start Test Case : Test Cases/case 1 - close web</message>
  <nestedLevel>1</nestedLevel>
  <property name="name">Test Cases/case 1 - close web</property>
  <property name="description"></property>
  <property name="id">Test Cases/case 1 - close web</property>
  <property name="source">C:\\Users\\USER-PC\\Katalon Studio\\qlue-automation\\Test Cases\\case 1 - close web.tc</property>
  <property name="isOptional">false</property>
</record>
<record>
  <date>2019-01-01T01:16:30</date>
  <millis>1546280190361</millis>
  <sequence>195</sequence>
  <level>START</level>
  <class>com.kms.katalon.core.logging.XmlKeywordLogger</class>
  <method>startKeyword</method>
  <thread>1</thread>
  <message>Start action : closeBrowser()</message>
  <nestedLevel>1</nestedLevel>
  <property name="startLine">16</property>
  <property name="stepIndex">1</property>
</record>
<record>
  <date>2019-01-01T01:16:31</date>
  <millis>1546280191090</millis>
  <sequence>197</sequence>
  <level>PASSED</level>
  <class>com.kms.katalon.core.logging.XmlKeywordLogger</class>
  <method>logMessage</method>
  <thread>1</thread>
  <message>Browser is closed</message>
  <nestedLevel>1</nestedLevel>
</record>
<record>
  <date>2019-01-01T01:16:31</date>
  <millis>1546280191092</millis>
  <sequence>198</sequence>
  <level>END</level>
  <class>com.kms.katalon.core.logging.XmlKeywordLogger</class>
  <method>endKeyword</method>
  <thread>1</thread>
  <message>End action : closeBrowser()</message>
  <nestedLevel>1</nestedLevel>
</record>
<record>
  <date>2019-01-01T01:16:31</date>
  <millis>1546280191093</millis>
  <sequence>199</sequence>
  <level>PASSED</level>
  <class>com.kms.katalon.core.logging.XmlKeywordLogger</class>
  <method>logMessage</method>
  <thread>1</thread>
  <message>Test Cases/case 1 - close web</message>
  <nestedLevel>1</nestedLevel>
</record>
<record>
  <date>2019-01-01T01:16:31</date>
  <millis>1546280191094</millis>
  <sequence>200</sequence>
  <level>END</level>
  <class>com.kms.katalon.core.logging.XmlKeywordLogger</class>
  <method>endTest</method>
  <thread>1</thread>
  <message>End Test Case : Test Cases/case 1 - close web</message>
  <nestedLevel>0</nestedLevel>
</record>
<record>
  <date>2019-01-01T01:16:31</date>
  <millis>1546280191134</millis>
  <sequence>201</sequence>
  <level>END</level>
  <class>com.kms.katalon.core.logging.XmlKeywordLogger</class>
  <method>endSuite</method>
  <thread>1</thread>
  <message>End Test Suite : Test Suites/suite3</message>
  <nestedLevel>0</nestedLevel>
</record>
</log>
